2025-05-15 22:30:43,117 - INFO - User 424275607 (Vollfed) failed /setlang usage. Reply: Please provide a language code, e.g. /setlang en
2025-05-15 22:31:23,044 - INFO - User 424275607 (Vollfed) failed /setlang usage. Reply: Please provide a language code, e.g. /setlang en
2025-05-15 22:31:32,110 - INFO - User 424275607 (Vollfed) set language: en. Reply: Language set to 'en'. Now send /transcript <youtube_url>
2025-05-15 22:31:44,419 - INFO - User 424275607 (Vollfed) requested transcript for video 'DpMcC-E5l5c' with lang 'en'
2025-05-15 22:34:40,418 - INFO - User 424275607 (Vollfed) set language: en. Reply: Language set to 'en'. Now send /transcript <youtube_url>
2025-05-15 22:34:49,624 - INFO - User 424275607 (Vollfed) requested transcript for video 'DpMcC-E5l5c' with lang 'en'
2025-05-15 22:34:50,506 - INFO - Transcript sent to user 424275607 (Vollfed), length 5765 chars
2025-05-15 23:24:39,812 - INFO - User 424275607 (Vollfed) set language: en. Reply: Language set to 'en'. Now send /transcript <youtube_url>
2025-05-15 23:24:52,829 - INFO - User 424275607 (Vollfed) requested transcript for video 'DpMcC-E5l5c' with lang 'en'
2025-05-15 23:24:53,666 - INFO - Transcript finished
2025-05-15 23:28:12,680 - INFO - User 424275607 (Vollfed) tried /transcript without language set. Reply: Better set your language first using /setlang <language_code>. en will be used
2025-05-15 23:28:12,822 - INFO - User 424275607 (Vollfed) requested transcript for video 'DpMcC-E5l5c' with lang 'en'
2025-05-15 23:28:13,577 - INFO - Transcript finished
2025-05-15 23:28:21,789 - INFO - User 424275607 (Vollfed) requested transcript text'
2025-05-15 23:28:22,252 - INFO - Transcript sent to user 424275607 (Vollfed), length 5765 chars
2025-05-15 23:28:39,113 - INFO - User 424275607 (Vollfed) requested summary'
2025-05-15 23:28:51,138 - INFO - Summary sent to user 424275607 (Vollfed), length 645 chars
2025-05-15 23:51:49,301 - INFO - User 424275607 (Vollfed) requested transcript for video 'Xsp3_a-PMTw' with lang 'en'
2025-05-15 23:51:50,154 - INFO - Transcript finished
2025-05-15 23:51:56,281 - INFO - User 424275607 (Vollfed) requested transcript text'
2025-05-15 23:51:56,454 - INFO - Transcript sent to user 424275607 (Vollfed), length 168 chars
2025-05-16 00:12:31,517 - INFO - User 424275607 (Vollfed) set language: ru. Reply: Language set to 'ru'. Now send /transcript <youtube_url>
2025-05-16 00:12:41,106 - INFO - User 424275607 (Vollfed) requested transcript for video 'N5R2cBLLqE4' with lang 'ru'
2025-05-16 00:12:41,769 - INFO - Transcript finished
2025-05-16 00:12:48,180 - INFO - User 424275607 (Vollfed) requested summary'
2025-05-16 00:13:03,046 - INFO - Summary sent to user 424275607 (Vollfed), length 1038 chars
2025-05-16 11:04:55,617 - INFO - User 424275607 (Vollfed) requested transcript for video 't5Ao_LwCo-I' with lang 'ru'
2025-05-16 11:04:56,213 - INFO - Transcript finished
2025-05-16 11:05:27,649 - INFO - User 424275607 (Vollfed) requested summary'
2025-05-16 11:05:36,477 - INFO - Summary sent to user 424275607 (Vollfed), length 150 chars
2025-05-16 11:05:49,938 - INFO - User 424275607 (Vollfed) requested transcript text'
2025-05-16 11:05:50,171 - INFO - Transcript sent to user 424275607 (Vollfed), length 53 chars
2025-05-16 11:06:05,071 - INFO - User 424275607 (Vollfed) requested transcript for video 't5Ao_LwCo-I' with lang 'ru'
2025-05-16 11:06:05,758 - INFO - Transcript finished
2025-05-16 11:06:09,404 - INFO - User 424275607 (Vollfed) requested transcript text'
2025-05-16 11:06:09,571 - INFO - Transcript sent to user 424275607 (Vollfed), length 53 chars
2025-05-16 11:06:15,554 - INFO - User 424275607 (Vollfed) set language: ru. Reply: Language set to 'ru'. Now send /transcript <youtube_url>
2025-05-16 11:06:22,485 - INFO - User 424275607 (Vollfed) requested transcript for video 't5Ao_LwCo-I' with lang 'ru'
2025-05-16 11:06:23,083 - INFO - Transcript finished
2025-05-16 11:06:26,398 - INFO - User 424275607 (Vollfed) requested transcript text'
2025-05-16 11:06:27,145 - INFO - Transcript sent to user 424275607 (Vollfed), length 13348 chars
2025-05-16 11:07:00,057 - INFO - User 424275607 (Vollfed) requested summary'
2025-05-16 11:07:09,497 - INFO - Summary sent to user 424275607 (Vollfed), length 1610 chars
